2020-05-08 10:52:51.145 [restartedMain] INFO  com.springboot.demo.DemoApplication - Starting DemoApplication on PC-20190405RVCU with PID 2996 (started by Administrator in G:\个人毕业设计以及规范\2016级毕业设计\car_home)
2020-05-08 10:52:51.145 [restartedMain] INFO  com.springboot.demo.DemoApplication - No active profile set, falling back to default profiles: default
2020-05-08 10:52:51.265 [background-preinit] INFO  org.hibernate.validator.internal.util.Version - HV000001: Hibernate Validator 5.3.6.Final
2020-05-08 10:52:51.315 [restartedMain] INFO  o.s.b.c.e.AnnotationConfigEmbeddedWebApplicationContext - Refreshing org.springframework.boot.context.embedded.AnnotationConfigEmbeddedWebApplicationContext@3c8bfd92: startup date [Fri May 08 10:52:51 CST 2020]; root of context hierarchy
2020-05-08 10:52:52.105 [restartedMain] INFO  o.s.c.s.PostProcessorRegistrationDelegate$BeanPostProcessorChecker - Bean 'shiroConfiguration' of type [com.springboot.demo.config.ShiroConfiguration$$EnhancerBySpringCGLIB$$8bfb832b] is not eligible for getting processed by all BeanPostProcessors (for example: not eligible for auto-proxying)
2020-05-08 10:52:52.115 [restartedMain] INFO  o.s.c.s.PostProcessorRegistrationDelegate$BeanPostProcessorChecker - Bean 'org.springframework.transaction.annotation.ProxyTransactionManagementConfiguration' of type [org.springframework.transaction.annotation.ProxyTransactionManagementConfiguration$$EnhancerBySpringCGLIB$$d4b4d11e] is not eligible for getting processed by all BeanPostProcessors (for example: not eligible for auto-proxying)
2020-05-08 10:52:52.685 [restartedMain] INFO  o.s.c.s.PostProcessorRegistrationDelegate$BeanPostProcessorChecker - Bean 'hashedCredentialsMatcher' of type [org.apache.shiro.authc.credential.HashedCredentialsMatcher] is not eligible for getting processed by all BeanPostProcessors (for example: not eligible for auto-proxying)
2020-05-08 10:52:52.775 [restartedMain] INFO  o.s.c.s.PostProcessorRegistrationDelegate$BeanPostProcessorChecker - Bean 'mybatis-org.mybatis.spring.boot.autoconfigure.MybatisProperties' of type [org.mybatis.spring.boot.autoconfigure.MybatisProperties] is not eligible for getting processed by all BeanPostProcessors (for example: not eligible for auto-proxying)
2020-05-08 10:52:52.785 [restartedMain] INFO  o.s.c.s.PostProcessorRegistrationDelegate$BeanPostProcessorChecker - Bean 'pageHelperConfig' of type [com.springboot.demo.config.PageHelperConfig$$EnhancerBySpringCGLIB$$e2683365] is not eligible for getting processed by all BeanPostProcessors (for example: not eligible for auto-proxying)
2020-05-08 10:52:52.795 [restartedMain] INFO  o.s.c.s.PostProcessorRegistrationDelegate$BeanPostProcessorChecker - Bean 'pageHelper' of type [com.github.pagehelper.PageHelper] is not eligible for getting processed by all BeanPostProcessors (for example: not eligible for auto-proxying)
2020-05-08 10:52:52.795 [restartedMain] INFO  o.s.c.s.PostProcessorRegistrationDelegate$BeanPostProcessorChecker - Bean 'org.mybatis.spring.boot.autoconfigure.MybatisAutoConfiguration' of type [org.mybatis.spring.boot.autoconfigure.MybatisAutoConfiguration$$EnhancerBySpringCGLIB$$789224e] is not eligible for getting processed by all BeanPostProcessors (for example: not eligible for auto-proxying)
2020-05-08 10:52:52.805 [restartedMain] INFO  o.s.c.s.PostProcessorRegistrationDelegate$BeanPostProcessorChecker - Bean 'org.springframework.boot.autoconfigure.jdbc.DataSourceConfiguration$Generic' of type [org.springframework.boot.autoconfigure.jdbc.DataSourceConfiguration$Generic] is not eligible for getting processed by all BeanPostProcessors (for example: not eligible for auto-proxying)
2020-05-08 10:52:52.825 [restartedMain] INFO  o.s.c.s.PostProcessorRegistrationDelegate$BeanPostProcessorChecker - Bean 'spring.datasource-org.springframework.boot.autoconfigure.jdbc.DataSourceProperties' of type [org.springframework.boot.autoconfigure.jdbc.DataSourceProperties] is not eligible for getting processed by all BeanPostProcessors (for example: not eligible for auto-proxying)
2020-05-08 10:52:52.855 [restartedMain] INFO  o.s.c.s.PostProcessorRegistrationDelegate$BeanPostProcessorChecker - Bean 'dataSource' of type [com.alibaba.druid.pool.DruidDataSource] is not eligible for getting processed by all BeanPostProcessors (for example: not eligible for auto-proxying)
2020-05-08 10:52:52.865 [restartedMain] INFO  o.s.c.s.PostProcessorRegistrationDelegate$BeanPostProcessorChecker - Bean 'org.springframework.boot.autoconfigure.jdbc.DataSourceAutoConfiguration' of type [org.springframework.boot.autoconfigure.jdbc.DataSourceAutoConfiguration$$EnhancerBySpringCGLIB$$b6a8747e] is not eligible for getting processed by all BeanPostProcessors (for example: not eligible for auto-proxying)
2020-05-08 10:52:52.875 [restartedMain] INFO  o.s.c.s.PostProcessorRegistrationDelegate$BeanPostProcessorChecker - Bean 'dataSourceInitializer' of type [org.springframework.boot.autoconfigure.jdbc.DataSourceInitializer] is not eligible for getting processed by all BeanPostProcessors (for example: not eligible for auto-proxying)
2020-05-08 10:52:53.084 [restartedMain] INFO  o.s.c.s.PostProcessorRegistrationDelegate$BeanPostProcessorChecker - Bean 'sqlSessionFactory' of type [org.apache.ibatis.session.defaults.DefaultSqlSessionFactory] is not eligible for getting processed by all BeanPostProcessors (for example: not eligible for auto-proxying)
2020-05-08 10:52:53.084 [restartedMain] INFO  o.s.c.s.PostProcessorRegistrationDelegate$BeanPostProcessorChecker - Bean 'sqlSessionTemplate' of type [org.mybatis.spring.SqlSessionTemplate] is not eligible for getting processed by all BeanPostProcessors (for example: not eligible for auto-proxying)
2020-05-08 10:52:53.084 [restartedMain] INFO  o.s.c.s.PostProcessorRegistrationDelegate$BeanPostProcessorChecker - Bean 'managerUserDao' of type [org.mybatis.spring.mapper.MapperFactoryBean] is not eligible for getting processed by all BeanPostProcessors (for example: not eligible for auto-proxying)
2020-05-08 10:52:53.084 [restartedMain] INFO  o.s.c.s.PostProcessorRegistrationDelegate$BeanPostProcessorChecker - Bean 'managerUserDao' of type [com.sun.proxy.$Proxy59] is not eligible for getting processed by all BeanPostProcessors (for example: not eligible for auto-proxying)
2020-05-08 10:52:53.094 [restartedMain] INFO  o.s.c.s.PostProcessorRegistrationDelegate$BeanPostProcessorChecker - Bean 'managerUserService' of type [com.springboot.demo.service.ManagerUserService] is not eligible for getting processed by all BeanPostProcessors (for example: not eligible for auto-proxying)
2020-05-08 10:52:53.094 [restartedMain] INFO  o.s.c.s.PostProcessorRegistrationDelegate$BeanPostProcessorChecker - Bean 'getDatabaseRealm' of type [com.springboot.demo.realm.DatabaseRealm] is not eligible for getting processed by all BeanPostProcessors (for example: not eligible for auto-proxying)
2020-05-08 10:52:53.094 [restartedMain] INFO  o.s.c.s.PostProcessorRegistrationDelegate$BeanPostProcessorChecker - Bean 'securityManager' of type [org.apache.shiro.web.mgt.DefaultWebSecurityManager] is not eligible for getting processed by all BeanPostProcessors (for example: not eligible for auto-proxying)
2020-05-08 10:52:53.324 [restartedMain] INFO  o.s.b.c.e.tomcat.TomcatEmbeddedServletContainer - Tomcat initialized with port(s): 8080 (http)
2020-05-08 10:52:53.334 [restartedMain] INFO  org.apache.catalina.core.StandardService - Starting service [Tomcat]
2020-05-08 10:52:53.334 [restartedMain] INFO  org.apache.catalina.core.StandardEngine - Starting Servlet Engine: Apache Tomcat/8.5.23
2020-05-08 10:52:53.474 [localhost-startStop-1] INFO  org.apache.jasper.servlet.TldScanner - At least one JAR was scanned for TLDs yet contained no TLDs. Enable debug logging for this logger for a complete list of JARs that were scanned but no TLDs were found in them. Skipping unneeded JARs during scanning can improve startup time and JSP compilation time.
2020-05-08 10:52:53.474 [localhost-startStop-1] INFO  o.a.c.core.ContainerBase.[Tomcat].[localhost].[/] - Initializing Spring embedded WebApplicationContext
2020-05-08 10:52:53.474 [localhost-startStop-1] INFO  org.springframework.web.context.ContextLoader - Root WebApplicationContext: initialization completed in 2159 ms
2020-05-08 10:52:53.564 [localhost-startStop-1] INFO  o.s.boot.web.servlet.ServletRegistrationBean - Mapping servlet: 'dispatcherServlet' to [/]
2020-05-08 10:52:53.564 [localhost-startStop-1] INFO  o.s.boot.web.servlet.FilterRegistrationBean - Mapping filter: 'characterEncodingFilter' to: [/*]
2020-05-08 10:52:53.564 [localhost-startStop-1] INFO  o.s.boot.web.servlet.FilterRegistrationBean - Mapping filter: 'hiddenHttpMethodFilter' to: [/*]
2020-05-08 10:52:53.564 [localhost-startStop-1] INFO  o.s.boot.web.servlet.FilterRegistrationBean - Mapping filter: 'httpPutFormContentFilter' to: [/*]
2020-05-08 10:52:53.564 [localhost-startStop-1] INFO  o.s.boot.web.servlet.FilterRegistrationBean - Mapping filter: 'requestContextFilter' to: [/*]
2020-05-08 10:52:53.564 [localhost-startStop-1] INFO  o.s.boot.web.servlet.FilterRegistrationBean - Mapping filter: 'shirFilter' to: [/*]
2020-05-08 10:52:53.904 [restartedMain] INFO  o.s.w.s.m.m.a.RequestMappingHandlerAdapter - Looking for @ControllerAdvice: org.springframework.boot.context.embedded.AnnotationConfigEmbeddedWebApplicationContext@3c8bfd92: startup date [Fri May 08 10:52:51 CST 2020]; root of context hierarchy
2020-05-08 10:52:53.964 [restartedMain] INFO  o.s.w.s.m.m.a.RequestMappingHandlerMapping - Mapped "{[/index]}" onto public java.lang.String com.springboot.demo.controller.AdminController.index(java.lang.String,javax.servlet.http.HttpSession)
2020-05-08 10:52:53.964 [restartedMain] INFO  o.s.w.s.m.m.a.RequestMappingHandlerMapping - Mapped "{[/exit]}" onto public java.lang.String com.springboot.demo.controller.AdminController.exit(javax.servlet.http.HttpSession)
2020-05-08 10:52:53.964 [restartedMain] INFO  o.s.w.s.m.m.a.RequestMappingHandlerMapping - Mapped "{[/addBasicParamPropertyValue]}" onto public java.lang.String com.springboot.demo.controller.AdminController.addBasicParamPropertyValue()
2020-05-08 10:52:53.964 [restartedMain] INFO  o.s.w.s.m.m.a.RequestMappingHandlerMapping - Mapped "{[/listSecondCarCategory]}" onto public java.lang.String com.springboot.demo.controller.AdminController.listSecondCarCategory()
2020-05-08 10:52:53.964 [restartedMain] INFO  o.s.w.s.m.m.a.RequestMappingHandlerMapping - Mapped "{[/listThridCarCategory]}" onto public java.lang.String com.springboot.demo.controller.AdminController.listThridCarCategory()
2020-05-08 10:52:53.964 [restartedMain] INFO  o.s.w.s.m.m.a.RequestMappingHandlerMapping - Mapped "{[/showCarMarkDetail]}" onto public java.lang.String com.springboot.demo.controller.AdminController.showCarMarkDetail()
2020-05-08 10:52:53.964 [restartedMain] INFO  o.s.w.s.m.m.a.RequestMappingHandlerMapping - Mapped "{[/editGearboxPropertyValue]}" onto public java.lang.String com.springboot.demo.controller.AdminController.editGearboxPropertyValue()
2020-05-08 10:52:53.964 [restartedMain] INFO  o.s.w.s.m.m.a.RequestMappingHandlerMapping - Mapped "{[/addGearboxPropertyValue]}" onto public java.lang.String com.springboot.demo.controller.AdminController.addGearboxPropertyValue()
2020-05-08 10:52:53.964 [restartedMain] INFO  o.s.w.s.m.m.a.RequestMappingHandlerMapping - Mapped "{[/listWheelbrakePropertyValue]}" onto public java.lang.String com.springboot.demo.controller.AdminController.listWheelbrakePropertyValue()
2020-05-08 10:52:53.964 [restartedMain] INFO  o.s.w.s.m.m.a.RequestMappingHandlerMapping - Mapped "{[/addWheelbreakePropertyValue]}" onto public java.lang.String com.springboot.demo.controller.AdminController.addWheelbreakePropertyValue()
2020-05-08 10:52:53.964 [restartedMain] INFO  o.s.w.s.m.m.a.RequestMappingHandlerMapping - Mapped "{[/listChassissteeringPropertyValue]}" onto public java.lang.String com.springboot.demo.controller.AdminController.listChassissteeringPropertyValue()
2020-05-08 10:52:53.964 [restartedMain] INFO  o.s.w.s.m.m.a.RequestMappingHandlerMapping - Mapped "{[/listGearboxPropertyValue]}" onto public java.lang.String com.springboot.demo.controller.AdminController.listGearboxPropertyValue()
2020-05-08 10:52:53.964 [restartedMain] INFO  o.s.w.s.m.m.a.RequestMappingHandlerMapping - Mapped "{[/addBodyworkPropertyvalue]}" onto public java.lang.String com.springboot.demo.controller.AdminController.addBodyworkPropertyvalue()
2020-05-08 10:52:53.964 [restartedMain] INFO  o.s.w.s.m.m.a.RequestMappingHandlerMapping - Mapped "{[/listBasicParamPropertyValue]}" onto public java.lang.String com.springboot.demo.controller.AdminController.listBasicParamPropertyValue(javax.servlet.http.HttpServletRequest)
2020-05-08 10:52:53.964 [restartedMain] INFO  o.s.w.s.m.m.a.RequestMappingHandlerMapping - Mapped "{[/addChassissteeringPropertyValue]}" onto public java.lang.String com.springboot.demo.controller.AdminController.addChassissteeringPropertyValue()
2020-05-08 10:52:53.964 [restartedMain] INFO  o.s.w.s.m.m.a.RequestMappingHandlerMapping - Mapped "{[/editChassissteeringPropertyValue]}" onto public java.lang.String com.springboot.demo.controller.AdminController.editChassissteeringPropertyValue()
2020-05-08 10:52:53.964 [restartedMain] INFO  o.s.w.s.m.m.a.RequestMappingHandlerMapping - Mapped "{[/editWheelbreakPropertyValue]}" onto public java.lang.String com.springboot.demo.controller.AdminController.editWheelbreakPropertyValue()
2020-05-08 10:52:53.964 [restartedMain] INFO  o.s.w.s.m.m.a.RequestMappingHandlerMapping - Mapped "{[/listSafetyquipmentPropertyValue]}" onto public java.lang.String com.springboot.demo.controller.AdminController.listSafetyquipmentPropertyValue()
2020-05-08 10:52:53.964 [restartedMain] INFO  o.s.w.s.m.m.a.RequestMappingHandlerMapping - Mapped "{[/editBasicParamPropertyValue]}" onto public java.lang.String com.springboot.demo.controller.AdminController.editBasicParamPropertyValue()
2020-05-08 10:52:53.964 [restartedMain] INFO  o.s.w.s.m.m.a.RequestMappingHandlerMapping - Mapped "{[/editStairCarCategory]}" onto public java.lang.String com.springboot.demo.controller.AdminController.editStairCarCategory()
2020-05-08 10:52:53.964 [restartedMain] INFO  o.s.w.s.m.m.a.RequestMappingHandlerMapping - Mapped "{[/listBodyworkPropertyvalue]}" onto public java.lang.String com.springboot.demo.controller.AdminController.listBodyworkPropertyvalue()
2020-05-08 10:52:53.964 [restartedMain] INFO  o.s.w.s.m.m.a.RequestMappingHandlerMapping - Mapped "{[/editSecondCarCategory]}" onto public java.lang.String com.springboot.demo.controller.AdminController.editSecondCarCategory()
2020-05-08 10:52:53.964 [restartedMain] INFO  o.s.w.s.m.m.a.RequestMappingHandlerMapping - Mapped "{[/editBodyworkPropertyValue]}" onto public java.lang.String com.springboot.demo.controller.AdminController.editBodyworkPropertyValue()
2020-05-08 10:52:53.964 [restartedMain] INFO  o.s.w.s.m.m.a.RequestMappingHandlerMapping - Mapped "{[/updateCarMarkImage]}" onto public java.lang.String com.springboot.demo.controller.AdminController.updateCarMarkImage()
2020-05-08 10:52:53.964 [restartedMain] INFO  o.s.w.s.m.m.a.RequestMappingHandlerMapping - Mapped "{[/updateManagerImage]}" onto public java.lang.String com.springboot.demo.controller.AdminController.updateManagerImage()
2020-05-08 10:52:53.964 [restartedMain] INFO  o.s.w.s.m.m.a.RequestMappingHandlerMapping - Mapped "{[/editThridCarCategory]}" onto public java.lang.String com.springboot.demo.controller.AdminController.editThridCarCategory()
2020-05-08 10:52:53.964 [restartedMain] INFO  o.s.w.s.m.m.a.RequestMappingHandlerMapping - Mapped "{[/listEnginePropertyValue]}" onto public java.lang.String com.springboot.demo.controller.AdminController.listEnginePropertyValue()
2020-05-08 10:52:53.964 [restartedMain] INFO  o.s.w.s.m.m.a.RequestMappingHandlerMapping - Mapped "{[/listStairCarCategory]}" onto public java.lang.String com.springboot.demo.controller.AdminController.listStairCarCategory(java.lang.String,javax.servlet.http.HttpSession)
2020-05-08 10:52:53.964 [restartedMain] INFO  o.s.w.s.m.m.a.RequestMappingHandlerMapping - Mapped "{[/editEnginePropertyValue]}" onto public java.lang.String com.springboot.demo.controller.AdminController.editEnginePropertyValue()
2020-05-08 10:52:53.964 [restartedMain] INFO  o.s.w.s.m.m.a.RequestMappingHandlerMapping - Mapped "{[/addEnginePropertyValue]}" onto public java.lang.String com.springboot.demo.controller.AdminController.addEnginePropertyValue()
2020-05-08 10:52:53.964 [restartedMain] INFO  o.s.w.s.m.m.a.RequestMappingHandlerMapping - Mapped "{[/listManipulationPropertyValue]}" onto public java.lang.String com.springboot.demo.controller.AdminController.listManipulationPropertyValue()
2020-05-08 10:52:53.964 [restartedMain] INFO  o.s.w.s.m.m.a.RequestMappingHandlerMapping - Mapped "{[/addSafetyquipmentPropertyValue]}" onto public java.lang.String com.springboot.demo.controller.AdminController.addSafetyquipmentPropertyValue()
2020-05-08 10:52:53.964 [restartedMain] INFO  o.s.w.s.m.m.a.RequestMappingHandlerMapping - Mapped "{[/editManipulationPropertyValue]}" onto public java.lang.String com.springboot.demo.controller.AdminController.editManipulationPropertyValue()
2020-05-08 10:52:53.964 [restartedMain] INFO  o.s.w.s.m.m.a.RequestMappingHandlerMapping - Mapped "{[/editSafetyquipmentPropertyValue]}" onto public java.lang.String com.springboot.demo.controller.AdminController.editSafetyquipmentPropertyValue()
2020-05-08 10:52:53.964 [restartedMain] INFO  o.s.w.s.m.m.a.RequestMappingHandlerMapping - Mapped "{[/addManipulationPropertyValue]}" onto public java.lang.String com.springboot.demo.controller.AdminController.addManipulationPropertyValue()
2020-05-08 10:52:53.964 [restartedMain] INFO  o.s.w.s.m.m.a.RequestMappingHandlerMapping - Mapped "{[/updateImage]}" onto public java.lang.String com.springboot.demo.controller.AdminController.updateImage()
2020-05-08 10:52:53.964 [restartedMain] INFO  o.s.w.s.m.m.a.RequestMappingHandlerMapping - Mapped "{[/backstagelogin]}" onto public java.lang.String com.springboot.demo.controller.AdminController.backstagelogin()
2020-05-08 10:52:53.964 [restartedMain] INFO  o.s.w.s.m.m.a.RequestMappingHandlerMapping - Mapped "{[/noExist]}" onto public java.lang.String com.springboot.demo.controller.AdminController.noExist()
2020-05-08 10:52:53.964 [restartedMain] INFO  o.s.w.s.m.m.a.RequestMappingHandlerMapping - Mapped "{[/editUser]}" onto public java.lang.String com.springboot.demo.controller.AdminController.editUser()
2020-05-08 10:52:53.964 [restartedMain] INFO  o.s.w.s.m.m.a.RequestMappingHandlerMapping - Mapped "{[/listCarMark]}" onto public java.lang.String com.springboot.demo.controller.AdminController.listCarMark(java.lang.String,javax.servlet.http.HttpSession)
2020-05-08 10:52:53.964 [restartedMain] INFO  o.s.w.s.m.m.a.RequestMappingHandlerMapping - Mapped "{[/showVidio]}" onto public java.lang.String com.springboot.demo.controller.AdminController.showVidio()
2020-05-08 10:52:53.964 [restartedMain] INFO  o.s.w.s.m.m.a.RequestMappingHandlerMapping - Mapped "{[/editCarMark]}" onto public java.lang.String com.springboot.demo.controller.AdminController.editCarMark()
2020-05-08 10:52:53.964 [restartedMain] INFO  o.s.w.s.m.m.a.RequestMappingHandlerMapping - Mapped "{[/addCarMark]}" onto public java.lang.String com.springboot.demo.controller.AdminController.addCarMark(java.lang.String,javax.servlet.http.HttpSession)
2020-05-08 10:52:53.964 [restartedMain] INFO  o.s.w.s.m.m.a.RequestMappingHandlerMapping - Mapped "{[/editManager]}" onto public java.lang.String com.springboot.demo.controller.AdminController.editManager(java.lang.String,javax.servlet.http.HttpSession)
2020-05-08 10:52:53.964 [restartedMain] INFO  o.s.w.s.m.m.a.RequestMappingHandlerMapping - Mapped "{[/uploadVidio]}" onto public java.lang.String com.springboot.demo.controller.AdminController.uploadVidio()
2020-05-08 10:52:53.964 [restartedMain] INFO  o.s.w.s.m.m.a.RequestMappingHandlerMapping - Mapped "{[/addCarImage]}" onto public java.lang.String com.springboot.demo.controller.AdminController.addCarImage()
2020-05-08 10:52:53.964 [restartedMain] INFO  o.s.w.s.m.m.a.RequestMappingHandlerMapping - Mapped "{[/importReview]}" onto public java.lang.String com.springboot.demo.controller.AdminController.importReview(java.lang.String,javax.servlet.http.HttpSession)
2020-05-08 10:52:53.964 [restartedMain] INFO  o.s.w.s.m.m.a.RequestMappingHandlerMapping - Mapped "{[/]}" onto public java.lang.String com.springboot.demo.controller.AdminController.login()
2020-05-08 10:52:53.964 [restartedMain] INFO  o.s.w.s.m.m.a.RequestMappingHandlerMapping - Mapped "{[/listReview]}" onto public java.lang.String com.springboot.demo.controller.AdminController.listReview(java.lang.String,javax.servlet.http.HttpSession)
2020-05-08 10:52:53.964 [restartedMain] INFO  o.s.w.s.m.m.a.RequestMappingHandlerMapping - Mapped "{[/editCar]}" onto public java.lang.String com.springboot.demo.controller.AdminController.editCar()
2020-05-08 10:52:53.964 [restartedMain] INFO  o.s.w.s.m.m.a.RequestMappingHandlerMapping - Mapped "{[/listCar]}" onto public java.lang.String com.springboot.demo.controller.AdminController.listCar()
2020-05-08 10:52:53.964 [restartedMain] INFO  o.s.w.s.m.m.a.RequestMappingHandlerMapping - Mapped "{[/listUserPage]}" onto public java.lang.String com.springboot.demo.controller.AdminController.listUserPage(java.lang.String,javax.servlet.http.HttpSession)
2020-05-08 10:52:53.964 [restartedMain] INFO  o.s.w.s.m.m.a.RequestMappingHandlerMapping - Mapped "{[/addUser]}" onto public java.lang.String com.springboot.demo.controller.AdminController.addUser(java.lang.String,javax.servlet.http.HttpSession)
2020-05-08 10:52:53.964 [restartedMain] INFO  o.s.w.s.m.m.a.RequestMappingHandlerMapping - Mapped "{[/carCategory/listSecondCarCategory]}" onto public com.github.pagehelper.PageInfo<com.springboot.demo.bean.CarCategory> com.springboot.demo.controller.CarCategoryController.listSecondCarCategory(java.lang.Integer,java.lang.Integer,java.lang.Integer)
2020-05-08 10:52:53.964 [restartedMain] INFO  o.s.w.s.m.m.a.RequestMappingHandlerMapping - Mapped "{[/carCategory/listStairCarCategory]}" onto public com.github.pagehelper.PageInfo<com.springboot.demo.bean.CarCategory> com.springboot.demo.controller.CarCategoryController.listStairCarCategory(java.lang.Integer,java.lang.Integer)
2020-05-08 10:52:53.964 [restartedMain] INFO  o.s.w.s.m.m.a.RequestMappingHandlerMapping - Mapped "{[/carCategory/addCarCategory]}" onto public java.lang.String com.springboot.demo.controller.CarCategoryController.addCarCategory(com.springboot.demo.bean.CarCategory)
2020-05-08 10:52:53.964 [restartedMain] INFO  o.s.w.s.m.m.a.RequestMappingHandlerMapping - Mapped "{[/carCategory/addVidio]}" onto public java.lang.String com.springboot.demo.controller.CarCategoryController.addVidio(java.lang.Integer,org.springframework.web.multipart.MultipartFile,javax.servlet.http.HttpServletRequest)
2020-05-08 10:52:53.964 [restartedMain] INFO  o.s.w.s.m.m.a.RequestMappingHandlerMapping - Mapped "{[/carCategory/getOneCarCategory]}" onto public com.springboot.demo.bean.CarCategory com.springboot.demo.controller.CarCategoryController.getOneCarCategory(java.lang.Integer)
2020-05-08 10:52:53.964 [restartedMain] INFO  o.s.w.s.m.m.a.RequestMappingHandlerMapping - Mapped "{[/carCategory/updateCarCategory]}" onto public java.lang.String com.springboot.demo.controller.CarCategoryController.updateCarCategory(com.springboot.demo.bean.CarCategory)
2020-05-08 10:52:53.964 [restartedMain] INFO  o.s.w.s.m.m.a.RequestMappingHandlerMapping - Mapped "{[/carCategory/deleteCarCategory]}" onto public java.lang.String com.springboot.demo.controller.CarCategoryController.deleteCarCategory(java.lang.Integer)
2020-05-08 10:52:53.964 [restartedMain] INFO  o.s.w.s.m.m.a.RequestMappingHandlerMapping - Mapped "{[/car/getOneCar]}" onto public com.springboot.demo.bean.Car com.springboot.demo.controller.CarController.getOneCar(java.lang.Integer)
2020-05-08 10:52:53.964 [restartedMain] INFO  o.s.w.s.m.m.a.RequestMappingHandlerMapping - Mapped "{[/car/addOneCar]}" onto public java.lang.String com.springboot.demo.controller.CarController.addOneCar(com.springboot.demo.bean.Car)
2020-05-08 10:52:53.964 [restartedMain] INFO  o.s.w.s.m.m.a.RequestMappingHandlerMapping - Mapped "{[/car/listAllCar]}" onto public com.github.pagehelper.PageInfo<com.springboot.demo.bean.Car> com.springboot.demo.controller.CarController.listAllCar(java.lang.Integer,java.lang.Integer,java.lang.Integer)
2020-05-08 10:52:53.964 [restartedMain] INFO  o.s.w.s.m.m.a.RequestMappingHandlerMapping - Mapped "{[/car/updateOneCar]}" onto public java.lang.String com.springboot.demo.controller.CarController.updateOneCar(com.springboot.demo.bean.Car)
2020-05-08 10:52:53.964 [restartedMain] INFO  o.s.w.s.m.m.a.RequestMappingHandlerMapping - Mapped "{[/car/deleteOneCar]}" onto public java.lang.String com.springboot.demo.controller.CarController.deleteOneCar(java.lang.Integer)
2020-05-08 10:52:53.964 [restartedMain] INFO  o.s.w.s.m.m.a.RequestMappingHandlerMapping - Mapped "{[/carImage/addCarImage]}" onto public java.lang.String com.springboot.demo.controller.CarImageController.addCarImage(java.lang.Integer,org.springframework.web.multipart.MultipartFile,javax.servlet.http.HttpServletRequest) throws java.io.IOException
2020-05-08 10:52:53.974 [restartedMain] INFO  o.s.w.s.m.m.a.RequestMappingHandlerMapping - Mapped "{[/carImage/listAllCarImage]}" onto public java.util.List<com.springboot.demo.bean.CarImage> com.springboot.demo.controller.CarImageController.listAllCarImage(java.lang.Integer)
2020-05-08 10:52:53.974 [restartedMain] INFO  o.s.w.s.m.m.a.RequestMappingHandlerMapping - Mapped "{[/carImage/deleteCarImage]}" onto public java.lang.String com.springboot.demo.controller.CarImageController.deleteCarImage(java.lang.Integer,javax.servlet.http.HttpServletRequest)
2020-05-08 10:52:53.974 [restartedMain] INFO  o.s.w.s.m.m.a.RequestMappingHandlerMapping - Mapped "{[/carImage/getCountCarImage]}" onto public java.lang.String com.springboot.demo.controller.CarImageController.getCountCarImage(java.lang.Integer)
2020-05-08 10:52:53.974 [restartedMain] INFO  o.s.w.s.m.m.a.RequestMappingHandlerMapping - Mapped "{[/carMark/updateImage]}" onto public java.lang.Object com.springboot.demo.controller.CarMarkController.updateImage(java.lang.Integer,org.springframework.web.multipart.MultipartFile,javax.servlet.http.HttpServletRequest) throws java.io.IOException
2020-05-08 10:52:53.974 [restartedMain] INFO  o.s.w.s.m.m.a.RequestMappingHandlerMapping - Mapped "{[/carMark/listCarMark]}" onto public com.github.pagehelper.PageInfo<com.springboot.demo.bean.CarMark> com.springboot.demo.controller.CarMarkController.listCarMark(java.lang.Integer,java.lang.Integer,java.lang.String)
2020-05-08 10:52:53.974 [restartedMain] INFO  o.s.w.s.m.m.a.RequestMappingHandlerMapping - Mapped "{[/carMark/deleteOneCarMark]}" onto public java.lang.String com.springboot.demo.controller.CarMarkController.deleteOneCarMark(java.lang.Integer,javax.servlet.http.HttpServletRequest)
2020-05-08 10:52:53.974 [restartedMain] INFO  o.s.w.s.m.m.a.RequestMappingHandlerMapping - Mapped "{[/carMark/getOneCarMark]}" onto public com.springboot.demo.bean.CarMark com.springboot.demo.controller.CarMarkController.getOneCarMark(java.lang.Integer)
2020-05-08 10:52:53.974 [restartedMain] INFO  o.s.w.s.m.m.a.RequestMappingHandlerMapping - Mapped "{[/carMark/addOneCarMark]}" onto public java.lang.String com.springboot.demo.controller.CarMarkController.addOneCarMark(com.springboot.demo.bean.CarMark)
2020-05-08 10:52:53.974 [restartedMain] INFO  o.s.w.s.m.m.a.RequestMappingHandlerMapping - Mapped "{[/carMark/updateOneCarMark]}" onto public java.lang.String com.springboot.demo.controller.CarMarkController.updateOneCarMark(com.springboot.demo.bean.CarMark)
2020-05-08 10:52:53.974 [restartedMain] INFO  o.s.w.s.m.m.a.RequestMappingHandlerMapping - Mapped "{[/manager/updateManagerImage]}" onto public java.lang.Object com.springboot.demo.controller.ManagerUserController.updateImage1(java.lang.Integer,org.springframework.web.multipart.MultipartFile,javax.servlet.http.HttpServletRequest) throws java.io.IOException
2020-05-08 10:52:53.974 [restartedMain] INFO  o.s.w.s.m.m.a.RequestMappingHandlerMapping - Mapped "{[/manager/checkLogin]}" onto public com.springboot.demo.bean.ResponseResult<java.lang.String> com.springboot.demo.controller.ManagerUserController.checkLogin(com.springboot.demo.bean.ManagerUser,javax.servlet.http.HttpSession)
2020-05-08 10:52:53.974 [restartedMain] INFO  o.s.w.s.m.m.a.RequestMappingHandlerMapping - Mapped "{[/manager/changeManagerUserMsg]}" onto public java.lang.String com.springboot.demo.controller.ManagerUserController.changeManagerUserMsg(com.springboot.demo.bean.ManagerUser,javax.servlet.http.HttpSession)
2020-05-08 10:52:53.974 [restartedMain] INFO  o.s.w.s.m.m.a.RequestMappingHandlerMapping - Mapped "{[/manager/getManagerUserById]}" onto public com.springboot.demo.bean.ManagerUser com.springboot.demo.controller.ManagerUserController.getManagerUserById(java.lang.Integer)
2020-05-08 10:52:53.974 [restartedMain] INFO  o.s.w.s.m.m.a.RequestMappingHandlerMapping - Mapped "{[/propertyValue/addOneGearboxPropertyValue]}" onto public java.lang.String com.springboot.demo.controller.PropertyValueController.addOneGearboxPropertyValue(com.springboot.demo.bean.GearboxPropertyValue)
2020-05-08 10:52:53.974 [restartedMain] INFO  o.s.w.s.m.m.a.RequestMappingHandlerMapping - Mapped "{[/propertyValue/getOneManipulationPropertyValue]}" onto public com.springboot.demo.bean.ManipulationPropertyValue com.springboot.demo.controller.PropertyValueController.getOneManipulationPropertyValue(java.lang.Integer)
2020-05-08 10:52:53.974 [restartedMain] INFO  o.s.w.s.m.m.a.RequestMappingHandlerMapping - Mapped "{[/propertyValue/listAllManipulationPropertyValue]}" onto public com.github.pagehelper.PageInfo<com.springboot.demo.bean.ManipulationPropertyValue> com.springboot.demo.controller.PropertyValueController.listAllManipulationPropertyValue(java.lang.Integer,java.lang.Integer,java.lang.Integer)
2020-05-08 10:52:53.974 [restartedMain] INFO  o.s.w.s.m.m.a.RequestMappingHandlerMapping - Mapped "{[/propertyValue/listAllWheelbrakePropertyvalue]}" onto public com.github.pagehelper.PageInfo<com.springboot.demo.bean.WheelbrakePropertyvalue> com.springboot.demo.controller.PropertyValueController.listAllWheelbrakePropertyvalue(java.lang.Integer,java.lang.Integer,java.lang.Integer)
2020-05-08 10:52:53.974 [restartedMain] INFO  o.s.w.s.m.m.a.RequestMappingHandlerMapping - Mapped "{[/propertyValue/addOneWheelbrakePropertyvalue]}" onto public java.lang.String com.springboot.demo.controller.PropertyValueController.addOneWheelbrakePropertyvalue(com.springboot.demo.bean.WheelbrakePropertyvalue)
2020-05-08 10:52:53.974 [restartedMain] INFO  o.s.w.s.m.m.a.RequestMappingHandlerMapping - Mapped "{[/propertyValue/getOneGearboxPropertyValue]}" onto public com.springboot.demo.bean.GearboxPropertyValue com.springboot.demo.controller.PropertyValueController.getOneGearboxPropertyValue(java.lang.Integer)
2020-05-08 10:52:53.974 [restartedMain] INFO  o.s.w.s.m.m.a.RequestMappingHandlerMapping - Mapped "{[/propertyValue/addOneManipulationPropertyValue]}" onto public java.lang.String com.springboot.demo.controller.PropertyValueController.addOneManipulationPropertyValue(com.springboot.demo.bean.ManipulationPropertyValue)
2020-05-08 10:52:53.974 [restartedMain] INFO  o.s.w.s.m.m.a.RequestMappingHandlerMapping - Mapped "{[/propertyValue/deleteOneWheelbrakePropertyvalue]}" onto public void com.springboot.demo.controller.PropertyValueController.deleteOneWheelbrakePropertyvalue(java.lang.Integer)
2020-05-08 10:52:53.974 [restartedMain] INFO  o.s.w.s.m.m.a.RequestMappingHandlerMapping - Mapped "{[/propertyValue/getOneWheelbrakePropertyvalue]}" onto public com.springboot.demo.bean.WheelbrakePropertyvalue com.springboot.demo.controller.PropertyValueController.getOneWheelbrakePropertyvalue(java.lang.Integer)
2020-05-08 10:52:53.974 [restartedMain] INFO  o.s.w.s.m.m.a.RequestMappingHandlerMapping - Mapped "{[/propertyValue/updateOneWheelbrakePropertyvalue]}" onto public java.lang.String com.springboot.demo.controller.PropertyValueController.updateOneWheelbrakePropertyvalue(com.springboot.demo.bean.WheelbrakePropertyvalue)
2020-05-08 10:52:53.974 [restartedMain] INFO  o.s.w.s.m.m.a.RequestMappingHandlerMapping - Mapped "{[/propertyValue/updateOneBodyworkPropertyvalue]}" onto public void com.springboot.demo.controller.PropertyValueController.updateOneBodyworkPropertyvalue(com.springboot.demo.bean.BodyworkPropertyvalue)
2020-05-08 10:52:53.974 [restartedMain] INFO  o.s.w.s.m.m.a.RequestMappingHandlerMapping - Mapped "{[/propertyValue/updateOneParamPropertyValue]}" onto public java.lang.String com.springboot.demo.controller.PropertyValueController.updateOneParamPropertyValue(com.springboot.demo.bean.BasicParamPropertyValue)
2020-05-08 10:52:53.974 [restartedMain] INFO  o.s.w.s.m.m.a.RequestMappingHandlerMapping - Mapped "{[/propertyValue/listAllEnginePropertyValue]}" onto public com.github.pagehelper.PageInfo<com.springboot.demo.bean.EnginePropertyValue> com.springboot.demo.controller.PropertyValueController.listAllEnginePropertyValue(java.lang.Integer,java.lang.Integer,java.lang.Integer)
2020-05-08 10:52:53.974 [restartedMain] INFO  o.s.w.s.m.m.a.RequestMappingHandlerMapping - Mapped "{[/propertyValue/deleteOneParamPropertyValue]}" onto public java.lang.String com.springboot.demo.controller.PropertyValueController.deleteOneParamPropertyValue(java.lang.Integer)
2020-05-08 10:52:53.974 [restartedMain] INFO  o.s.w.s.m.m.a.RequestMappingHandlerMapping - Mapped "{[/propertyValue/getOneParamPropertyValue]}" onto public com.springboot.demo.bean.BasicParamPropertyValue com.springboot.demo.controller.PropertyValueController.getOneParamPropertyValue(java.lang.Integer)
2020-05-08 10:52:53.974 [restartedMain] INFO  o.s.w.s.m.m.a.RequestMappingHandlerMapping - Mapped "{[/propertyValue/listAllBasicParamPropertyValue]}" onto public com.github.pagehelper.PageInfo<com.springboot.demo.bean.BasicParamPropertyValue> com.springboot.demo.controller.PropertyValueController.listAllBasicParamPropertyValue(java.lang.Integer,java.lang.Integer,java.lang.Integer)
2020-05-08 10:52:53.974 [restartedMain] INFO  o.s.w.s.m.m.a.RequestMappingHandlerMapping - Mapped "{[/propertyValue/addOneParamPropertyValue]}" onto public java.lang.String com.springboot.demo.controller.PropertyValueController.addOneParamPropertyValue(com.springboot.demo.bean.BasicParamPropertyValue)
2020-05-08 10:52:53.974 [restartedMain] INFO  o.s.w.s.m.m.a.RequestMappingHandlerMapping - Mapped "{[/propertyValue/updateOneEnginePropertyValue]}" onto public java.lang.String com.springboot.demo.controller.PropertyValueController.updateOneEnginePropertyValue(com.springboot.demo.bean.EnginePropertyValue)
2020-05-08 10:52:53.974 [restartedMain] INFO  o.s.w.s.m.m.a.RequestMappingHandlerMapping - Mapped "{[/propertyValue/getOneBodyworkPropertyvalue]}" onto public com.springboot.demo.bean.BodyworkPropertyvalue com.springboot.demo.controller.PropertyValueController.getOneBodyworkPropertyvalue(java.lang.Integer)
2020-05-08 10:52:53.974 [restartedMain] INFO  o.s.w.s.m.m.a.RequestMappingHandlerMapping - Mapped "{[/propertyValue/deleteOneEnginePropertyValue]}" onto public java.lang.String com.springboot.demo.controller.PropertyValueController.deleteOneEnginePropertyValue(java.lang.Integer)
2020-05-08 10:52:53.974 [restartedMain] INFO  o.s.w.s.m.m.a.RequestMappingHandlerMapping - Mapped "{[/propertyValue/getOneEnginePropertyValue]}" onto public com.springboot.demo.bean.EnginePropertyValue com.springboot.demo.controller.PropertyValueController.getOneEnginePropertyValue(java.lang.Integer)
2020-05-08 10:52:53.974 [restartedMain] INFO  o.s.w.s.m.m.a.RequestMappingHandlerMapping - Mapped "{[/propertyValue/addOneBodyworkPropertyvalue]}" onto public java.lang.String com.springboot.demo.controller.PropertyValueController.addOneBodyworkPropertyvalue(com.springboot.demo.bean.BodyworkPropertyvalue)
2020-05-08 10:52:53.974 [restartedMain] INFO  o.s.w.s.m.m.a.RequestMappingHandlerMapping - Mapped "{[/propertyValue/deleteOneGearboxPropertyValue]}" onto public java.lang.String com.springboot.demo.controller.PropertyValueController.deleteOneGearboxPropertyValue(java.lang.Integer)
2020-05-08 10:52:53.974 [restartedMain] INFO  o.s.w.s.m.m.a.RequestMappingHandlerMapping - Mapped "{[/propertyValue/addOneEnginePropertyValue]}" onto public java.lang.String com.springboot.demo.controller.PropertyValueController.addOneEnginePropertyValue(com.springboot.demo.bean.EnginePropertyValue)
2020-05-08 10:52:53.974 [restartedMain] INFO  o.s.w.s.m.m.a.RequestMappingHandlerMapping - Mapped "{[/propertyValue/updateOneGearboxPropertyValue]}" onto public java.lang.String com.springboot.demo.controller.PropertyValueController.updateOneGearboxPropertyValue(com.springboot.demo.bean.GearboxPropertyValue)
2020-05-08 10:52:53.974 [restartedMain] INFO  o.s.w.s.m.m.a.RequestMappingHandlerMapping - Mapped "{[/propertyValue/listAllGearboxPropertyValue]}" onto public com.github.pagehelper.PageInfo<com.springboot.demo.bean.GearboxPropertyValue> com.springboot.demo.controller.PropertyValueController.listAllGearboxPropertyValue(java.lang.Integer,java.lang.Integer,java.lang.Integer)
2020-05-08 10:52:53.974 [restartedMain] INFO  o.s.w.s.m.m.a.RequestMappingHandlerMapping - Mapped "{[/propertyValue/listAllBodyworkPropertyvalue]}" onto public com.github.pagehelper.PageInfo<com.springboot.demo.bean.BodyworkPropertyvalue> com.springboot.demo.controller.PropertyValueController.listAllBodyworkPropertyvalue(java.lang.Integer,java.lang.Integer,java.lang.Integer)
2020-05-08 10:52:53.974 [restartedMain] INFO  o.s.w.s.m.m.a.RequestMappingHandlerMapping - Mapped "{[/propertyValue/deleteOneBodyworkPropertyvalue]}" onto public java.lang.String com.springboot.demo.controller.PropertyValueController.deleteOneBodyworkPropertyvalue(java.lang.Integer)
2020-05-08 10:52:53.974 [restartedMain] INFO  o.s.w.s.m.m.a.RequestMappingHandlerMapping - Mapped "{[/propertyValue/deleteOneManipulationPropertyValue]}" onto public java.lang.String com.springboot.demo.controller.PropertyValueController.deleteOneManipulationPropertyValue(java.lang.Integer)
2020-05-08 10:52:53.974 [restartedMain] INFO  o.s.w.s.m.m.a.RequestMappingHandlerMapping - Mapped "{[/propertyValue/updateOneManipulationPropertyValue]}" onto public java.lang.String com.springboot.demo.controller.PropertyValueController.updateOneManipulationPropertyValue(com.springboot.demo.bean.ManipulationPropertyValue)
2020-05-08 10:52:53.974 [restartedMain] INFO  o.s.w.s.m.m.a.RequestMappingHandlerMapping - Mapped "{[/propertyValue/deleteOneSafetyequipmentPropertyValue]}" onto public void com.springboot.demo.controller.PropertyValueController.deleteOneSafetyequipmentPropertyValue(java.lang.Integer)
2020-05-08 10:52:53.974 [restartedMain] INFO  o.s.w.s.m.m.a.RequestMappingHandlerMapping - Mapped "{[/propertyValue/listAllSafetyequipmentPropertyValue]}" onto public com.github.pagehelper.PageInfo<com.springboot.demo.bean.SafetyequipmentPropertyValue> com.springboot.demo.controller.PropertyValueController.listAllSafetyequipmentPropertyValue(java.lang.Integer,java.lang.Integer,java.lang.Integer)
2020-05-08 10:52:53.974 [restartedMain] INFO  o.s.w.s.m.m.a.RequestMappingHandlerMapping - Mapped "{[/propertyValue/updateOneSafetyequipmentPropertyValue]}" onto public java.lang.String com.springboot.demo.controller.PropertyValueController.updateOneSafetyequipmentPropertyValue(com.springboot.demo.bean.SafetyequipmentPropertyValue)
2020-05-08 10:52:53.974 [restartedMain] INFO  o.s.w.s.m.m.a.RequestMappingHandlerMapping - Mapped "{[/propertyValue/getOneChassissteeringPropertyvalue]}" onto public com.springboot.demo.bean.ChassissteeringPropertyvalue com.springboot.demo.controller.PropertyValueController.getOneChassissteeringPropertyvalue(java.lang.Integer)
2020-05-08 10:52:53.974 [restartedMain] INFO  o.s.w.s.m.m.a.RequestMappingHandlerMapping - Mapped "{[/propertyValue/addOneChassissteeringPropertyvalue]}" onto public java.lang.String com.springboot.demo.controller.PropertyValueController.addOneChassissteeringPropertyvalue(com.springboot.demo.bean.ChassissteeringPropertyvalue)
2020-05-08 10:52:53.974 [restartedMain] INFO  o.s.w.s.m.m.a.RequestMappingHandlerMapping - Mapped "{[/propertyValue/listAllChassissteeringPropertyvalue]}" onto public com.github.pagehelper.PageInfo<com.springboot.demo.bean.ChassissteeringPropertyvalue> com.springboot.demo.controller.PropertyValueController.listAllChassissteeringPropertyvalue(java.lang.Integer,java.lang.Integer,java.lang.Integer)
2020-05-08 10:52:53.974 [restartedMain] INFO  o.s.w.s.m.m.a.RequestMappingHandlerMapping - Mapped "{[/propertyValue/getOneSafetyequipmentPropertyValue]}" onto public com.springboot.demo.bean.SafetyequipmentPropertyValue com.springboot.demo.controller.PropertyValueController.getOneSafetyequipmentPropertyValue(java.lang.Integer)
2020-05-08 10:52:53.974 [restartedMain] INFO  o.s.w.s.m.m.a.RequestMappingHandlerMapping - Mapped "{[/propertyValue/updateOneChassissteeringPropertyvalue]}" onto public java.lang.String com.springboot.demo.controller.PropertyValueController.updateOneChassissteeringPropertyvalue(com.springboot.demo.bean.ChassissteeringPropertyvalue)
2020-05-08 10:52:53.974 [restartedMain] INFO  o.s.w.s.m.m.a.RequestMappingHandlerMapping - Mapped "{[/propertyValue/addOneSafetyequipmentPropertyValue]}" onto public java.lang.String com.springboot.demo.controller.PropertyValueController.addOneSafetyequipmentPropertyValue(com.springboot.demo.bean.SafetyequipmentPropertyValue)
2020-05-08 10:52:53.974 [restartedMain] INFO  o.s.w.s.m.m.a.RequestMappingHandlerMapping - Mapped "{[/propertyValue/deleteOneChassissteeringPropertyvalue]}" onto public void com.springboot.demo.controller.PropertyValueController.deleteOneChassissteeringPropertyvalue(java.lang.Integer)
2020-05-08 10:52:53.984 [restartedMain] INFO  o.s.w.s.m.m.a.RequestMappingHandlerMapping - Mapped "{[/review/importReview]}" onto public java.lang.String com.springboot.demo.controller.ReviewController.importReview(org.springframework.web.multipart.MultipartFile,javax.servlet.http.HttpServletRequest) throws java.io.IOException
2020-05-08 10:52:53.984 [restartedMain] INFO  o.s.w.s.m.m.a.RequestMappingHandlerMapping - Mapped "{[/review/listReview]}" onto public com.github.pagehelper.PageInfo<com.springboot.demo.bean.Review> com.springboot.demo.controller.ReviewController.listReview(java.lang.Integer,java.lang.Integer,java.lang.String,java.lang.Integer)
2020-05-08 10:52:53.984 [restartedMain] INFO  o.s.w.s.m.m.a.RequestMappingHandlerMapping - Mapped "{[/review/getExcel]}" onto public void com.springboot.demo.controller.ReviewController.getExcel(java.lang.String,java.lang.Integer,javax.servlet.http.HttpServletResponse) throws java.io.IOException
2020-05-08 10:52:53.984 [restartedMain] INFO  o.s.w.s.m.m.a.RequestMappingHandlerMapping - Mapped "{[/review/deleteReview]}" onto public java.lang.String com.springboot.demo.controller.ReviewController.deleteReview(java.lang.Integer)
2020-05-08 10:52:53.984 [restartedMain] INFO  o.s.w.s.m.m.a.RequestMappingHandlerMapping - Mapped "{[/review/updateStatus]}" onto public java.lang.String com.springboot.demo.controller.ReviewController.updateStatus(java.lang.Integer,java.lang.Integer)
2020-05-08 10:52:53.984 [restartedMain] INFO  o.s.w.s.m.m.a.RequestMappingHandlerMapping - Mapped "{[/user/updateImage]}" onto public java.lang.Object com.springboot.demo.controller.UserController.updateImage(java.lang.Integer,org.springframework.web.multipart.MultipartFile,javax.servlet.http.HttpServletRequest) throws java.io.IOException
2020-05-08 10:52:53.984 [restartedMain] INFO  o.s.w.s.m.m.a.RequestMappingHandlerMapping - Mapped "{[/user/selectOneByUsername]}" onto public com.springboot.demo.bean.User com.springboot.demo.controller.UserController.selectOneByUsername(java.lang.String)
2020-05-08 10:52:53.984 [restartedMain] INFO  o.s.w.s.m.m.a.RequestMappingHandlerMapping - Mapped "{[/user/removeUser]}" onto public java.lang.String com.springboot.demo.controller.UserController.removeUser(java.lang.Integer,javax.servlet.http.HttpServletRequest)
2020-05-08 10:52:53.984 [restartedMain] INFO  o.s.w.s.m.m.a.RequestMappingHandlerMapping - Mapped "{[/user/getUserById]}" onto public com.springboot.demo.bean.User com.springboot.demo.controller.UserController.getUserById(java.lang.Integer)
2020-05-08 10:52:53.984 [restartedMain] INFO  o.s.w.s.m.m.a.RequestMappingHandlerMapping - Mapped "{[/user/listUser]}" onto public com.github.pagehelper.PageInfo<com.springboot.demo.bean.User> com.springboot.demo.controller.UserController.listUser(java.lang.Integer,java.lang.Integer,java.lang.String)
2020-05-08 10:52:53.984 [restartedMain] INFO  o.s.w.s.m.m.a.RequestMappingHandlerMapping - Mapped "{[/user/changeUserMsg]}" onto public java.lang.String com.springboot.demo.controller.UserController.changeUserMsg(com.springboot.demo.bean.User)
2020-05-08 10:52:53.984 [restartedMain] INFO  o.s.w.s.m.m.a.RequestMappingHandlerMapping - Mapped "{[/user/addOneUser]}" onto public java.lang.String com.springboot.demo.controller.UserController.addOneUser(com.springboot.demo.bean.User)
2020-05-08 10:52:53.984 [restartedMain] INFO  o.s.w.s.m.m.a.RequestMappingHandlerMapping - Mapped "{[/user/getByUsername]}" onto public com.springboot.demo.bean.ResponseResult<java.lang.String> com.springboot.demo.controller.UserController.getByUsername(java.lang.String)
2020-05-08 10:52:53.984 [restartedMain] INFO  o.s.w.s.m.m.a.RequestMappingHandlerMapping - Mapped "{[/error]}" onto public org.springframework.http.ResponseEntity<java.util.Map<java.lang.String, java.lang.Object>> org.springframework.boot.autoconfigure.web.BasicErrorController.error(javax.servlet.http.HttpServletRequest)
2020-05-08 10:52:53.984 [restartedMain] INFO  o.s.w.s.m.m.a.RequestMappingHandlerMapping - Mapped "{[/error],produces=[text/html]}" onto public org.springframework.web.servlet.ModelAndView org.springframework.boot.autoconfigure.web.BasicErrorController.errorHtml(javax.servlet.http.HttpServletRequest,javax.servlet.http.HttpServletResponse)
2020-05-08 10:52:54.004 [restartedMain] INFO  o.s.web.servlet.handler.SimpleUrlHandlerMapping - Mapped URL path [/webjars/**] onto handler of type [class org.springframework.web.servlet.resource.ResourceHttpRequestHandler]
2020-05-08 10:52:54.004 [restartedMain] INFO  o.s.web.servlet.handler.SimpleUrlHandlerMapping - Mapped URL path [/**] onto handler of type [class org.springframework.web.servlet.resource.ResourceHttpRequestHandler]
2020-05-08 10:52:54.024 [restartedMain] INFO  o.s.web.servlet.handler.SimpleUrlHandlerMapping - Mapped URL path [/**/favicon.ico] onto handler of type [class org.springframework.web.servlet.resource.ResourceHttpRequestHandler]
2020-05-08 10:52:54.354 [restartedMain] INFO  o.s.b.d.autoconfigure.OptionalLiveReloadServer - LiveReload server is running on port 35729
2020-05-08 10:52:54.394 [restartedMain] INFO  o.s.jmx.export.annotation.AnnotationMBeanExporter - Registering beans for JMX exposure on startup
2020-05-08 10:52:54.394 [restartedMain] INFO  o.s.jmx.export.annotation.AnnotationMBeanExporter - Bean with name 'dataSource' has been autodetected for JMX exposure
2020-05-08 10:52:54.394 [restartedMain] INFO  o.s.jmx.export.annotation.AnnotationMBeanExporter - Located MBean 'dataSource': registering with JMX server as MBean [com.alibaba.druid.pool:name=dataSource,type=DruidDataSource]
2020-05-08 10:52:54.404 [restartedMain] INFO  org.apache.coyote.http11.Http11NioProtocol - Initializing ProtocolHandler ["http-nio-8080"]
2020-05-08 10:52:54.414 [restartedMain] INFO  org.apache.coyote.http11.Http11NioProtocol - Starting ProtocolHandler ["http-nio-8080"]
2020-05-08 10:52:54.414 [restartedMain] INFO  org.apache.tomcat.util.net.NioSelectorPool - Using a shared selector for servlet write/read
2020-05-08 10:52:54.444 [restartedMain] INFO  o.s.b.c.e.tomcat.TomcatEmbeddedServletContainer - Tomcat started on port(s): 8080 (http)
2020-05-08 10:52:54.444 [restartedMain] INFO  com.springboot.demo.DemoApplication - Started DemoApplication in 3.498 seconds (JVM running for 5.079)
2020-05-08 10:53:11.622 [http-nio-8080-exec-1] INFO  o.a.c.core.ContainerBase.[Tomcat].[localhost].[/] - Initializing Spring FrameworkServlet 'dispatcherServlet'
2020-05-08 10:53:11.622 [http-nio-8080-exec-1] INFO  org.springframework.web.servlet.DispatcherServlet - FrameworkServlet 'dispatcherServlet': initialization started
2020-05-08 10:53:11.632 [http-nio-8080-exec-1] INFO  org.springframework.web.servlet.DispatcherServlet - FrameworkServlet 'dispatcherServlet': initialization completed in 10 ms
2020-05-08 10:53:11.687 [http-nio-8080-exec-4] INFO  org.thymeleaf.TemplateEngine - [THYMELEAF] INITIALIZING TEMPLATE ENGINE
2020-05-08 10:53:11.714 [http-nio-8080-exec-4] INFO  o.t.templateresolver.AbstractTemplateResolver - [THYMELEAF] INITIALIZING TEMPLATE RESOLVER: org.thymeleaf.spring4.templateresolver.SpringResourceTemplateResolver
2020-05-08 10:53:11.714 [http-nio-8080-exec-4] INFO  o.t.templateresolver.AbstractTemplateResolver - [THYMELEAF] TEMPLATE RESOLVER INITIALIZED OK
2020-05-08 10:53:11.714 [http-nio-8080-exec-4] INFO  o.t.messageresolver.AbstractMessageResolver - [THYMELEAF] INITIALIZING MESSAGE RESOLVER: org.thymeleaf.spring4.messageresolver.SpringMessageResolver
2020-05-08 10:53:11.714 [http-nio-8080-exec-4] INFO  o.t.messageresolver.AbstractMessageResolver - [THYMELEAF] MESSAGE RESOLVER INITIALIZED OK
2020-05-08 10:53:11.718 [http-nio-8080-exec-4] INFO  org.thymeleaf.TemplateEngine.CONFIG - [THYMELEAF] TEMPLATE ENGINE CONFIGURATION:
[THYMELEAF] * Cache Factory implementation: org.thymeleaf.cache.StandardCacheManager
[THYMELEAF] * Template modes:
[THYMELEAF]     * XHTML
[THYMELEAF]     * XML
[THYMELEAF]     * VALIDXML
[THYMELEAF]     * HTML5
[THYMELEAF]     * LEGACYHTML5
[THYMELEAF]     * VALIDXHTML
[THYMELEAF] * Template resolvers (in order):
[THYMELEAF]     * org.thymeleaf.spring4.templateresolver.SpringResourceTemplateResolver
[THYMELEAF] * Message resolvers (in order):
[THYMELEAF]     * org.thymeleaf.spring4.messageresolver.SpringMessageResolver
[THYMELEAF] * Dialect [1 of 2]: org.thymeleaf.spring4.dialect.SpringStandardDialect
[THYMELEAF]     * Prefix: "th"
[THYMELEAF] * Dialect [2 of 2]: nz.net.ultraq.thymeleaf.LayoutDialect
[THYMELEAF]     * Prefix: "layout"
[THYMELEAF] TEMPLATE ENGINE CONFIGURED OK
2020-05-08 10:53:11.718 [http-nio-8080-exec-4] INFO  org.thymeleaf.TemplateEngine - [THYMELEAF] TEMPLATE ENGINE INITIALIZED
2020-05-08 10:53:13.680 [http-nio-8080-exec-4] INFO  com.alibaba.druid.pool.DruidDataSource - {dataSource-1} inited
